<?xml version="1.0" encoding="UTF-8"?>
<!-- Generated by org.testng.reporters.JUnitReportReporter -->
<testsuite hostname="HL6T2B3" failures="0" tests="2" name="loanCalculatorPackage.LoanCalculatorTestClass1" time="408.068" errors="0" timestamp="2024-12-11T09:31:19 CST" skipped="0">
  <testcase classname="loanCalculatorPackage.LoanCalculatorTestClass1" name="testLc1" time="159.137"/>
  <system-out/>
  <testcase classname="loanCalculatorPackage.LoanCalculatorTestClass1" name="OfferTest" time="248.931"/>
  <system-out/>
</testsuite> <!-- loanCalculatorPackage.LoanCalculatorTestClass1 -->
