<?xml version="1.0" encoding="UTF-8"?>
<!-- Generated by org.testng.reporters.JUnitReportReporter -->
<testsuite hostname="HL6T2B3" failures="0" tests="2" name="loanCalculatorPackage.LoanCalculatorTestClass1" time="445.998" errors="0" timestamp="2024-12-12T10:24:55 CST" skipped="0">
  <testcase classname="loanCalculatorPackage.LoanCalculatorTestClass1" name="testLc1" time="159.745">
    <system-out>
      <![CDATA[LOAN CALCULATOR TEST GOT EXECUTED SUCCESSFULLY !!!]]>
    </system-out>
  </testcase> <!-- testLc1 -->
  <testcase classname="loanCalculatorPackage.LoanCalculatorTestClass1" name="OfferTest" time="286.253">
    <system-out>
      <![CDATA[OFFER TEST GOT EXECUTED SUCCESSFULLY !!!]]>
    </system-out>
  </testcase> <!-- OfferTest -->
  <system-out>
    <![CDATA[LOAN CALCULATOR TEST GOT EXECUTED SUCCESSFULLY !!!
OFFER TEST GOT EXECUTED SUCCESSFULLY !!!]]>
  </system-out>
</testsuite> <!-- loanCalculatorPackage.LoanCalculatorTestClass1 -->
